{"C:\\Users\\skual\\Documents\\Otros\\aws-serverless-challenge\\src\\layer\\nodejs\\resources\\databases\\dynamoDB.config.js": {"path":"C:\\Users\\skual\\Documents\\Otros\\aws-serverless-challenge\\src\\layer\\nodejs\\resources\\databases\\dynamoDB.config.js","statementMap":{"0":{"start":{"line":1,"column":15},"end":{"line":1,"column":41}},"1":{"start":{"line":3,"column":0},"end":{"line":10,"column":2}}},"fnMap":{},"branchMap":{"0":{"loc":{"start":{"line":5,"column":5},"end":{"line":9,"column":2}},"type":"binary-expr","locations":[{"start":{"line":5,"column":5},"end":{"line":5,"column":11}},{"start":{"line":5,"column":15},"end":{"line":9,"column":2}}],"line":5}},"s":{"0":1,"1":1},"f":{},"b":{"0":[1,1]},"_coverageSchema":"1a1c01bbd47fc00a2c39e90264f33305004495a9","hash":"ae33320e06ead8bf6987dc4a8b84483bdbf93feb"}
,"C:\\Users\\skual\\Documents\\Otros\\aws-serverless-challenge\\src\\layer\\nodejs\\resources\\databases\\dynamoDB.js": {"path":"C:\\Users\\skual\\Documents\\Otros\\aws-serverless-challenge\\src\\layer\\nodejs\\resources\\databases\\dynamoDB.js","statementMap":{"0":{"start":{"line":1,"column":27},"end":{"line":1,"column":62}},"1":{"start":{"line":2,"column":15},"end":{"line":2,"column":43}},"2":{"start":{"line":4,"column":0},"end":{"line":4,"column":44}}},"fnMap":{},"branchMap":{},"s":{"0":1,"1":1,"2":1},"f":{},"b":{},"_coverageSchema":"1a1c01bbd47fc00a2c39e90264f33305004495a9","hash":"a7a673269b289d30e0d8a5363a163ffd070d1b3d"}
,"C:\\Users\\skual\\Documents\\Otros\\aws-serverless-challenge\\src\\layer\\nodejs\\resources\\databases\\dynamoDB.tables.js": {"path":"C:\\Users\\skual\\Documents\\Otros\\aws-serverless-challenge\\src\\layer\\nodejs\\resources\\databases\\dynamoDB.tables.js","statementMap":{"0":{"start":{"line":1,"column":15},"end":{"line":64,"column":1}},"1":{"start":{"line":66,"column":0},"end":{"line":66,"column":24}}},"fnMap":{},"branchMap":{},"s":{"0":1,"1":1},"f":{},"b":{},"_coverageSchema":"1a1c01bbd47fc00a2c39e90264f33305004495a9","hash":"eacae9d1712a37dd5b7b65e78b6049f84d3cc3f3"}
,"C:\\Users\\skual\\Documents\\Otros\\aws-serverless-challenge\\src\\layer\\nodejs\\resources\\databases\\dynamoDB.utils.js": {"path":"C:\\Users\\skual\\Documents\\Otros\\aws-serverless-challenge\\src\\layer\\nodejs\\resources\\databases\\dynamoDB.utils.js","statementMap":{"0":{"start":{"line":1,"column":21},"end":{"line":1,"column":39}},"1":{"start":{"line":2,"column":15},"end":{"line":2,"column":43}},"2":{"start":{"line":3,"column":12},"end":{"line":3,"column":32}},"3":{"start":{"line":6,"column":18},"end":{"line":6,"column":106}},"4":{"start":{"line":6,"column":62},"end":{"line":6,"column":105}},"5":{"start":{"line":8,"column":1},"end":{"line":8,"column":29}},"6":{"start":{"line":12,"column":24},"end":{"line":12,"column":56}},"7":{"start":{"line":14,"column":18},"end":{"line":14,"column":89}},"8":{"start":{"line":14,"column":48},"end":{"line":14,"column":88}},"9":{"start":{"line":16,"column":1},"end":{"line":16,"column":29}},"10":{"start":{"line":20,"column":19},"end":{"line":20,"column":58}},"11":{"start":{"line":22,"column":22},"end":{"line":22,"column":104}},"12":{"start":{"line":22,"column":42},"end":{"line":22,"column":103}},"13":{"start":{"line":24,"column":1},"end":{"line":24,"column":33}},"14":{"start":{"line":28,"column":24},"end":{"line":28,"column":56}},"15":{"start":{"line":30,"column":1},"end":{"line":30,"column":19}},"16":{"start":{"line":33,"column":0},"end":{"line":38,"column":2}}},"fnMap":{"0":{"name":"createTables","decl":{"start":{"line":5,"column":15},"end":{"line":5,"column":27}},"loc":{"start":{"line":5,"column":47},"end":{"line":9,"column":1}},"line":5},"1":{"name":"(anonymous_1)","decl":{"start":{"line":6,"column":40},"end":{"line":6,"column":41}},"loc":{"start":{"line":6,"column":62},"end":{"line":6,"column":105}},"line":6},"2":{"name":"deleteTables","decl":{"start":{"line":11,"column":15},"end":{"line":11,"column":27}},"loc":{"start":{"line":11,"column":30},"end":{"line":17,"column":1}},"line":11},"3":{"name":"(anonymous_3)","decl":{"start":{"line":14,"column":33},"end":{"line":14,"column":34}},"loc":{"start":{"line":14,"column":48},"end":{"line":14,"column":88}},"line":14},"4":{"name":"deleteTableData","decl":{"start":{"line":19,"column":15},"end":{"line":19,"column":30}},"loc":{"start":{"line":19,"column":42},"end":{"line":25,"column":1}},"line":19},"5":{"name":"(anonymous_5)","decl":{"start":{"line":22,"column":32},"end":{"line":22,"column":33}},"loc":{"start":{"line":22,"column":42},"end":{"line":22,"column":103}},"line":22},"6":{"name":"getTableNames","decl":{"start":{"line":27,"column":15},"end":{"line":27,"column":28}},"loc":{"start":{"line":27,"column":31},"end":{"line":31,"column":1}},"line":27}},"branchMap":{},"s":{"0":1,"1":1,"2":1,"3":1,"4":1,"5":1,"6":2,"7":2,"8":1,"9":2,"10":17,"11":17,"12":10,"13":17,"14":0,"15":0,"16":1},"f":{"0":1,"1":1,"2":2,"3":1,"4":17,"5":10,"6":0},"b":{},"_coverageSchema":"1a1c01bbd47fc00a2c39e90264f33305004495a9","hash":"887f0b41ea7fab30c9d60349256d649c52bf7aff"}
,"C:\\Users\\skual\\Documents\\Otros\\aws-serverless-challenge\\src\\layer\\nodejs\\resources\\matchers\\index.js": {"path":"C:\\Users\\skual\\Documents\\Otros\\aws-serverless-challenge\\src\\layer\\nodejs\\resources\\matchers\\index.js","statementMap":{"0":{"start":{"line":1,"column":18},"end":{"line":1,"column":38}},"1":{"start":{"line":4,"column":1},"end":{"line":4,"column":70}},"2":{"start":{"line":5,"column":1},"end":{"line":15,"column":2}},"3":{"start":{"line":6,"column":2},"end":{"line":9,"column":4}},"4":{"start":{"line":8,"column":18},"end":{"line":8,"column":60}},"5":{"start":{"line":11,"column":2},"end":{"line":14,"column":4}},"6":{"start":{"line":13,"column":18},"end":{"line":13,"column":56}},"7":{"start":{"line":19,"column":19},"end":{"line":19,"column":103}},"8":{"start":{"line":20,"column":14},"end":{"line":20,"column":70}},"9":{"start":{"line":21,"column":1},"end":{"line":31,"column":2}},"10":{"start":{"line":22,"column":2},"end":{"line":25,"column":4}},"11":{"start":{"line":24,"column":18},"end":{"line":24,"column":61}},"12":{"start":{"line":27,"column":2},"end":{"line":30,"column":4}},"13":{"start":{"line":29,"column":18},"end":{"line":29,"column":57}},"14":{"start":{"line":35,"column":19},"end":{"line":35,"column":103}},"15":{"start":{"line":36,"column":14},"end":{"line":36,"column":96}},"16":{"start":{"line":37,"column":1},"end":{"line":47,"column":2}},"17":{"start":{"line":38,"column":2},"end":{"line":41,"column":4}},"18":{"start":{"line":40,"column":18},"end":{"line":40,"column":71}},"19":{"start":{"line":43,"column":2},"end":{"line":46,"column":4}},"20":{"start":{"line":45,"column":18},"end":{"line":45,"column":67}},"21":{"start":{"line":50,"column":0},"end":{"line":54,"column":2}}},"fnMap":{"0":{"name":"toBeUUIDv4","decl":{"start":{"line":3,"column":9},"end":{"line":3,"column":19}},"loc":{"start":{"line":3,"column":30},"end":{"line":16,"column":1}},"line":3},"1":{"name":"(anonymous_1)","decl":{"start":{"line":8,"column":12},"end":{"line":8,"column":13}},"loc":{"start":{"line":8,"column":18},"end":{"line":8,"column":60}},"line":8},"2":{"name":"(anonymous_2)","decl":{"start":{"line":13,"column":12},"end":{"line":13,"column":13}},"loc":{"start":{"line":13,"column":18},"end":{"line":13,"column":56}},"line":13},"3":{"name":"toBeDate","decl":{"start":{"line":18,"column":9},"end":{"line":18,"column":17}},"loc":{"start":{"line":18,"column":28},"end":{"line":32,"column":1}},"line":18},"4":{"name":"(anonymous_4)","decl":{"start":{"line":24,"column":12},"end":{"line":24,"column":13}},"loc":{"start":{"line":24,"column":18},"end":{"line":24,"column":61}},"line":24},"5":{"name":"(anonymous_5)","decl":{"start":{"line":29,"column":12},"end":{"line":29,"column":13}},"loc":{"start":{"line":29,"column":18},"end":{"line":29,"column":57}},"line":29},"6":{"name":"toBeOptionalDate","decl":{"start":{"line":34,"column":9},"end":{"line":34,"column":25}},"loc":{"start":{"line":34,"column":36},"end":{"line":48,"column":1}},"line":34},"7":{"name":"(anonymous_7)","decl":{"start":{"line":40,"column":12},"end":{"line":40,"column":13}},"loc":{"start":{"line":40,"column":18},"end":{"line":40,"column":71}},"line":40},"8":{"name":"(anonymous_8)","decl":{"start":{"line":45,"column":12},"end":{"line":45,"column":13}},"loc":{"start":{"line":45,"column":18},"end":{"line":45,"column":67}},"line":45}},"branchMap":{"0":{"loc":{"start":{"line":4,"column":8},"end":{"line":4,"column":69}},"type":"binary-expr","locations":[{"start":{"line":4,"column":8},"end":{"line":4,"column":36}},{"start":{"line":4,"column":40},"end":{"line":4,"column":69}}],"line":4},"1":{"loc":{"start":{"line":5,"column":1},"end":{"line":15,"column":2}},"type":"if","locations":[{"start":{"line":5,"column":1},"end":{"line":15,"column":2}},{"start":{"line":10,"column":8},"end":{"line":15,"column":2}}],"line":5},"2":{"loc":{"start":{"line":20,"column":14},"end":{"line":20,"column":70}},"type":"binary-expr","locations":[{"start":{"line":20,"column":14},"end":{"line":20,"column":42}},{"start":{"line":20,"column":46},"end":{"line":20,"column":70}}],"line":20},"3":{"loc":{"start":{"line":21,"column":1},"end":{"line":31,"column":2}},"type":"if","locations":[{"start":{"line":21,"column":1},"end":{"line":31,"column":2}},{"start":{"line":26,"column":8},"end":{"line":31,"column":2}}],"line":21},"4":{"loc":{"start":{"line":36,"column":14},"end":{"line":36,"column":96}},"type":"binary-expr","locations":[{"start":{"line":36,"column":14},"end":{"line":36,"column":34}},{"start":{"line":36,"column":39},"end":{"line":36,"column":67}},{"start":{"line":36,"column":71},"end":{"line":36,"column":95}}],"line":36},"5":{"loc":{"start":{"line":37,"column":1},"end":{"line":47,"column":2}},"type":"if","locations":[{"start":{"line":37,"column":1},"end":{"line":47,"column":2}},{"start":{"line":42,"column":8},"end":{"line":47,"column":2}}],"line":37}},"s":{"0":2,"1":4,"2":4,"3":4,"4":0,"5":0,"6":0,"7":5,"8":5,"9":5,"10":5,"11":0,"12":0,"13":0,"14":3,"15":3,"16":3,"17":3,"18":0,"19":0,"20":0,"21":2},"f":{"0":4,"1":0,"2":0,"3":5,"4":0,"5":0,"6":3,"7":0,"8":0},"b":{"0":[4,4],"1":[4,0],"2":[5,5],"3":[5,0],"4":[3,2,2],"5":[3,0]},"_coverageSchema":"1a1c01bbd47fc00a2c39e90264f33305004495a9","hash":"f2420ff1c9a6194bf3665d2e8a97f0cd1d055610"}
,"C:\\Users\\skual\\Documents\\Otros\\aws-serverless-challenge\\src\\layer\\nodejs\\resources\\repositories\\blogs.repository.js": {"path":"C:\\Users\\skual\\Documents\\Otros\\aws-serverless-challenge\\src\\layer\\nodejs\\resources\\repositories\\blogs.repository.js","statementMap":{"0":{"start":{"line":1,"column":13},"end":{"line":1,"column":28}},"1":{"start":{"line":2,"column":18},"end":{"line":2,"column":38}},"2":{"start":{"line":6,"column":14},"end":{"line":6,"column":40}},"3":{"start":{"line":9,"column":2},"end":{"line":9,"column":18}},"4":{"start":{"line":13,"column":2},"end":{"line":20,"column":3}},"5":{"start":{"line":15,"column":4},"end":{"line":15,"column":47}},"6":{"start":{"line":17,"column":4},"end":{"line":17,"column":47}},"7":{"start":{"line":19,"column":4},"end":{"line":19,"column":21}},"8":{"start":{"line":24,"column":2},"end":{"line":24,"column":72}},"9":{"start":{"line":24,"column":60},"end":{"line":24,"column":72}},"10":{"start":{"line":26,"column":17},"end":{"line":26,"column":91}},"11":{"start":{"line":28,"column":2},"end":{"line":28,"column":29}},"12":{"start":{"line":32,"column":19},"end":{"line":32,"column":25}},"13":{"start":{"line":34,"column":17},"end":{"line":36,"column":13}},"14":{"start":{"line":38,"column":2},"end":{"line":38,"column":54}},"15":{"start":{"line":42,"column":13},"end":{"line":42,"column":22}},"16":{"start":{"line":44,"column":2},"end":{"line":46,"column":3}},"17":{"start":{"line":45,"column":3},"end":{"line":45,"column":78}},"18":{"start":{"line":48,"column":15},"end":{"line":55,"column":3}},"19":{"start":{"line":57,"column":2},"end":{"line":57,"column":70}},"20":{"start":{"line":59,"column":2},"end":{"line":59,"column":12}},"21":{"start":{"line":63,"column":2},"end":{"line":63,"column":72}},"22":{"start":{"line":63,"column":60},"end":{"line":63,"column":72}},"23":{"start":{"line":65,"column":19},"end":{"line":65,"column":93}},"24":{"start":{"line":67,"column":2},"end":{"line":67,"column":25}},"25":{"start":{"line":67,"column":13},"end":{"line":67,"column":25}},"26":{"start":{"line":69,"column":17},"end":{"line":93,"column":13}},"27":{"start":{"line":95,"column":2},"end":{"line":95,"column":27}},"28":{"start":{"line":99,"column":2},"end":{"line":99,"column":72}},"29":{"start":{"line":99,"column":60},"end":{"line":99,"column":72}},"30":{"start":{"line":101,"column":17},"end":{"line":107,"column":13}},"31":{"start":{"line":109,"column":2},"end":{"line":109,"column":35}},"32":{"start":{"line":113,"column":0},"end":{"line":113,"column":33}}},"fnMap":{"0":{"name":"(anonymous_0)","decl":{"start":{"line":8,"column":1},"end":{"line":8,"column":2}},"loc":{"start":{"line":8,"column":18},"end":{"line":10,"column":2}},"line":8},"1":{"name":"(anonymous_1)","decl":{"start":{"line":23,"column":1},"end":{"line":23,"column":2}},"loc":{"start":{"line":23,"column":19},"end":{"line":29,"column":2}},"line":23},"2":{"name":"(anonymous_2)","decl":{"start":{"line":31,"column":1},"end":{"line":31,"column":2}},"loc":{"start":{"line":31,"column":29},"end":{"line":39,"column":2}},"line":31},"3":{"name":"(anonymous_3)","decl":{"start":{"line":41,"column":1},"end":{"line":41,"column":2}},"loc":{"start":{"line":41,"column":32},"end":{"line":60,"column":2}},"line":41},"4":{"name":"(anonymous_4)","decl":{"start":{"line":62,"column":1},"end":{"line":62,"column":2}},"loc":{"start":{"line":62,"column":36},"end":{"line":96,"column":2}},"line":62},"5":{"name":"(anonymous_5)","decl":{"start":{"line":98,"column":1},"end":{"line":98,"column":2}},"loc":{"start":{"line":98,"column":22},"end":{"line":110,"column":2}},"line":98}},"branchMap":{"0":{"loc":{"start":{"line":13,"column":2},"end":{"line":20,"column":3}},"type":"switch","locations":[{"start":{"line":14,"column":3},"end":{"line":15,"column":47}},{"start":{"line":16,"column":3},"end":{"line":17,"column":47}},{"start":{"line":18,"column":3},"end":{"line":19,"column":21}}],"line":13},"1":{"loc":{"start":{"line":24,"column":2},"end":{"line":24,"column":72}},"type":"if","locations":[{"start":{"line":24,"column":2},"end":{"line":24,"column":72}},{"start":{},"end":{}}],"line":24},"2":{"loc":{"start":{"line":24,"column":8},"end":{"line":24,"column":57}},"type":"binary-expr","locations":[{"start":{"line":24,"column":8},"end":{"line":24,"column":30}},{"start":{"line":24,"column":34},"end":{"line":24,"column":57}}],"line":24},"3":{"loc":{"start":{"line":28,"column":9},"end":{"line":28,"column":28}},"type":"binary-expr","locations":[{"start":{"line":28,"column":9},"end":{"line":28,"column":20}},{"start":{"line":28,"column":24},"end":{"line":28,"column":28}}],"line":28},"4":{"loc":{"start":{"line":31,"column":16},"end":{"line":31,"column":27}},"type":"default-arg","locations":[{"start":{"line":31,"column":25},"end":{"line":31,"column":27}}],"line":31},"5":{"loc":{"start":{"line":41,"column":18},"end":{"line":41,"column":30}},"type":"default-arg","locations":[{"start":{"line":41,"column":28},"end":{"line":41,"column":30}}],"line":41},"6":{"loc":{"start":{"line":44,"column":2},"end":{"line":46,"column":3}},"type":"if","locations":[{"start":{"line":44,"column":2},"end":{"line":46,"column":3}},{"start":{},"end":{}}],"line":44},"7":{"loc":{"start":{"line":62,"column":22},"end":{"line":62,"column":34}},"type":"default-arg","locations":[{"start":{"line":62,"column":32},"end":{"line":62,"column":34}}],"line":62},"8":{"loc":{"start":{"line":63,"column":2},"end":{"line":63,"column":72}},"type":"if","locations":[{"start":{"line":63,"column":2},"end":{"line":63,"column":72}},{"start":{},"end":{}}],"line":63},"9":{"loc":{"start":{"line":63,"column":8},"end":{"line":63,"column":57}},"type":"binary-expr","locations":[{"start":{"line":63,"column":8},"end":{"line":63,"column":30}},{"start":{"line":63,"column":34},"end":{"line":63,"column":57}}],"line":63},"10":{"loc":{"start":{"line":67,"column":2},"end":{"line":67,"column":25}},"type":"if","locations":[{"start":{"line":67,"column":2},"end":{"line":67,"column":25}},{"start":{},"end":{}}],"line":67},"11":{"loc":{"start":{"line":74,"column":9},"end":{"line":79,"column":6}},"type":"binary-expr","locations":[{"start":{"line":74,"column":9},"end":{"line":74,"column":23}},{"start":{"line":74,"column":27},"end":{"line":79,"column":6}}],"line":74},"12":{"loc":{"start":{"line":80,"column":9},"end":{"line":85,"column":6}},"type":"binary-expr","locations":[{"start":{"line":80,"column":9},"end":{"line":80,"column":22}},{"start":{"line":80,"column":26},"end":{"line":85,"column":6}}],"line":80},"13":{"loc":{"start":{"line":99,"column":2},"end":{"line":99,"column":72}},"type":"if","locations":[{"start":{"line":99,"column":2},"end":{"line":99,"column":72}},{"start":{},"end":{}}],"line":99},"14":{"loc":{"start":{"line":99,"column":8},"end":{"line":99,"column":57}},"type":"binary-expr","locations":[{"start":{"line":99,"column":8},"end":{"line":99,"column":30}},{"start":{"line":99,"column":34},"end":{"line":99,"column":57}}],"line":99},"15":{"loc":{"start":{"line":109,"column":9},"end":{"line":109,"column":34}},"type":"binary-expr","locations":[{"start":{"line":109,"column":9},"end":{"line":109,"column":26}},{"start":{"line":109,"column":30},"end":{"line":109,"column":34}}],"line":109}},"s":{"0":2,"1":2,"2":2,"3":2,"4":3,"5":1,"6":1,"7":1,"8":5,"9":2,"10":3,"11":3,"12":3,"13":3,"14":3,"15":4,"16":4,"17":1,"18":3,"19":3,"20":3,"21":4,"22":2,"23":2,"24":2,"25":1,"26":1,"27":1,"28":4,"29":2,"30":2,"31":2,"32":2},"f":{"0":2,"1":5,"2":3,"3":4,"4":4,"5":4},"b":{"0":[1,1,1],"1":[2,3],"2":[5,4],"3":[3,1],"4":[1],"5":[1],"6":[1,3],"7":[2],"8":[2,2],"9":[4,3],"10":[1,1],"11":[1,1],"12":[1,1],"13":[2,2],"14":[4,3],"15":[2,1]},"_coverageSchema":"1a1c01bbd47fc00a2c39e90264f33305004495a9","hash":"24e32c82ec4fd0d22be1481a3c448d7efb73c3cb"}
,"C:\\Users\\skual\\Documents\\Otros\\aws-serverless-challenge\\src\\layer\\nodejs\\resources\\seeders\\blogs.seeder.js": {"path":"C:\\Users\\skual\\Documents\\Otros\\aws-serverless-challenge\\src\\layer\\nodejs\\resources\\seeders\\blogs.seeder.js","statementMap":{"0":{"start":{"line":1,"column":18},"end":{"line":1,"column":44}},"1":{"start":{"line":2,"column":13},"end":{"line":2,"column":28}},"2":{"start":{"line":5,"column":1},"end":{"line":8,"column":3}},"3":{"start":{"line":12,"column":1},"end":{"line":12,"column":70}},"4":{"start":{"line":12,"column":47},"end":{"line":12,"column":68}},"5":{"start":{"line":16,"column":24},"end":{"line":16,"column":43}},"6":{"start":{"line":18,"column":1},"end":{"line":24,"column":3}},"7":{"start":{"line":28,"column":1},"end":{"line":28,"column":71}},"8":{"start":{"line":28,"column":47},"end":{"line":28,"column":69}},"9":{"start":{"line":31,"column":0},"end":{"line":36,"column":2}}},"fnMap":{"0":{"name":"generateBlogContent","decl":{"start":{"line":4,"column":9},"end":{"line":4,"column":28}},"loc":{"start":{"line":4,"column":31},"end":{"line":9,"column":1}},"line":4},"1":{"name":"generateBlogContents","decl":{"start":{"line":11,"column":9},"end":{"line":11,"column":29}},"loc":{"start":{"line":11,"column":45},"end":{"line":13,"column":1}},"line":11},"2":{"name":"(anonymous_2)","decl":{"start":{"line":12,"column":41},"end":{"line":12,"column":42}},"loc":{"start":{"line":12,"column":47},"end":{"line":12,"column":68}},"line":12},"3":{"name":"generateDatabaseBlog","decl":{"start":{"line":15,"column":9},"end":{"line":15,"column":29}},"loc":{"start":{"line":15,"column":32},"end":{"line":25,"column":1}},"line":15},"4":{"name":"generateDatabaseBlogs","decl":{"start":{"line":27,"column":9},"end":{"line":27,"column":30}},"loc":{"start":{"line":27,"column":46},"end":{"line":29,"column":1}},"line":27},"5":{"name":"(anonymous_5)","decl":{"start":{"line":28,"column":41},"end":{"line":28,"column":42}},"loc":{"start":{"line":28,"column":47},"end":{"line":28,"column":69}},"line":28}},"branchMap":{"0":{"loc":{"start":{"line":11,"column":30},"end":{"line":11,"column":43}},"type":"default-arg","locations":[{"start":{"line":11,"column":41},"end":{"line":11,"column":43}}],"line":11},"1":{"loc":{"start":{"line":22,"column":13},"end":{"line":22,"column":73}},"type":"cond-expr","locations":[{"start":{"line":22,"column":30},"end":{"line":22,"column":63}},{"start":{"line":22,"column":66},"end":{"line":22,"column":73}}],"line":22},"2":{"loc":{"start":{"line":27,"column":31},"end":{"line":27,"column":44}},"type":"default-arg","locations":[{"start":{"line":27,"column":42},"end":{"line":27,"column":44}}],"line":27}},"s":{"0":3,"1":3,"2":48,"3":2,"4":15,"5":25,"6":25,"7":3,"8":20,"9":3},"f":{"0":48,"1":2,"2":15,"3":25,"4":3,"5":20},"b":{"0":[1],"1":[17,8],"2":[1]},"_coverageSchema":"1a1c01bbd47fc00a2c39e90264f33305004495a9","hash":"4314ce62cb9f0caaef15b3612187c32639e65e1d"}
,"C:\\Users\\skual\\Documents\\Otros\\aws-serverless-challenge\\src\\layer\\nodejs\\resources\\services\\blogs.results.js": {"path":"C:\\Users\\skual\\Documents\\Otros\\aws-serverless-challenge\\src\\layer\\nodejs\\resources\\services\\blogs.results.js","statementMap":{"0":{"start":{"line":3,"column":2},"end":{"line":7,"column":4}},"1":{"start":{"line":11,"column":2},"end":{"line":15,"column":4}},"2":{"start":{"line":19,"column":2},"end":{"line":24,"column":4}},"3":{"start":{"line":28,"column":2},"end":{"line":32,"column":4}},"4":{"start":{"line":36,"column":2},"end":{"line":40,"column":4}},"5":{"start":{"line":44,"column":2},"end":{"line":49,"column":4}},"6":{"start":{"line":53,"column":2},"end":{"line":58,"column":4}},"7":{"start":{"line":62,"column":0},"end":{"line":62,"column":30}}},"fnMap":{"0":{"name":"(anonymous_0)","decl":{"start":{"line":2,"column":1},"end":{"line":2,"column":2}},"loc":{"start":{"line":2,"column":21},"end":{"line":8,"column":2}},"line":2},"1":{"name":"(anonymous_1)","decl":{"start":{"line":10,"column":1},"end":{"line":10,"column":2}},"loc":{"start":{"line":10,"column":16},"end":{"line":16,"column":2}},"line":10},"2":{"name":"(anonymous_2)","decl":{"start":{"line":18,"column":1},"end":{"line":18,"column":2}},"loc":{"start":{"line":18,"column":21},"end":{"line":25,"column":2}},"line":18},"3":{"name":"(anonymous_3)","decl":{"start":{"line":27,"column":1},"end":{"line":27,"column":2}},"loc":{"start":{"line":27,"column":15},"end":{"line":33,"column":2}},"line":27},"4":{"name":"(anonymous_4)","decl":{"start":{"line":35,"column":1},"end":{"line":35,"column":2}},"loc":{"start":{"line":35,"column":15},"end":{"line":41,"column":2}},"line":35},"5":{"name":"(anonymous_5)","decl":{"start":{"line":43,"column":1},"end":{"line":43,"column":2}},"loc":{"start":{"line":43,"column":21},"end":{"line":50,"column":2}},"line":43},"6":{"name":"(anonymous_6)","decl":{"start":{"line":52,"column":1},"end":{"line":52,"column":2}},"loc":{"start":{"line":52,"column":22},"end":{"line":59,"column":2}},"line":52}},"branchMap":{"0":{"loc":{"start":{"line":4,"column":12},"end":{"line":4,"column":74}},"type":"cond-expr","locations":[{"start":{"line":4,"column":42},"end":{"line":4,"column":64}},{"start":{"line":4,"column":67},"end":{"line":4,"column":74}}],"line":4}},"s":{"0":5,"1":3,"2":1,"3":1,"4":1,"5":1,"6":1,"7":1},"f":{"0":5,"1":3,"2":1,"3":1,"4":1,"5":1,"6":1},"b":{"0":[0,5]},"_coverageSchema":"1a1c01bbd47fc00a2c39e90264f33305004495a9","hash":"99f490f4a73ad58edc711a28a7527ed3247f61e0"}
,"C:\\Users\\skual\\Documents\\Otros\\aws-serverless-challenge\\src\\layer\\nodejs\\resources\\services\\blogs.service.js": {"path":"C:\\Users\\skual\\Documents\\Otros\\aws-serverless-challenge\\src\\layer\\nodejs\\resources\\services\\blogs.service.js","statementMap":{"0":{"start":{"line":6,"column":2},"end":{"line":6,"column":42}},"1":{"start":{"line":7,"column":2},"end":{"line":7,"column":36}},"2":{"start":{"line":11,"column":2},"end":{"line":19,"column":3}},"3":{"start":{"line":12,"column":18},"end":{"line":12,"column":57}},"4":{"start":{"line":14,"column":3},"end":{"line":14,"column":57}},"5":{"start":{"line":14,"column":16},"end":{"line":14,"column":57}},"6":{"start":{"line":16,"column":3},"end":{"line":16,"column":49}},"7":{"start":{"line":18,"column":3},"end":{"line":18,"column":55}},"8":{"start":{"line":23,"column":2},"end":{"line":29,"column":3}},"9":{"start":{"line":24,"column":18},"end":{"line":24,"column":62}},"10":{"start":{"line":26,"column":3},"end":{"line":26,"column":50}},"11":{"start":{"line":28,"column":3},"end":{"line":28,"column":55}},"12":{"start":{"line":33,"column":2},"end":{"line":39,"column":3}},"13":{"start":{"line":34,"column":18},"end":{"line":34,"column":65}},"14":{"start":{"line":36,"column":3},"end":{"line":36,"column":49}},"15":{"start":{"line":38,"column":3},"end":{"line":38,"column":55}},"16":{"start":{"line":43,"column":2},"end":{"line":51,"column":3}},"17":{"start":{"line":44,"column":18},"end":{"line":44,"column":69}},"18":{"start":{"line":46,"column":3},"end":{"line":46,"column":57}},"19":{"start":{"line":46,"column":16},"end":{"line":46,"column":57}},"20":{"start":{"line":48,"column":3},"end":{"line":48,"column":43}},"21":{"start":{"line":50,"column":3},"end":{"line":50,"column":55}},"22":{"start":{"line":55,"column":2},"end":{"line":63,"column":3}},"23":{"start":{"line":56,"column":18},"end":{"line":56,"column":60}},"24":{"start":{"line":58,"column":3},"end":{"line":58,"column":57}},"25":{"start":{"line":58,"column":16},"end":{"line":58,"column":57}},"26":{"start":{"line":60,"column":3},"end":{"line":60,"column":43}},"27":{"start":{"line":62,"column":3},"end":{"line":62,"column":55}},"28":{"start":{"line":67,"column":0},"end":{"line":67,"column":30}}},"fnMap":{"0":{"name":"(anonymous_0)","decl":{"start":{"line":5,"column":1},"end":{"line":5,"column":2}},"loc":{"start":{"line":5,"column":44},"end":{"line":8,"column":2}},"line":5},"1":{"name":"(anonymous_1)","decl":{"start":{"line":10,"column":1},"end":{"line":10,"column":2}},"loc":{"start":{"line":10,"column":19},"end":{"line":20,"column":2}},"line":10},"2":{"name":"(anonymous_2)","decl":{"start":{"line":22,"column":1},"end":{"line":22,"column":2}},"loc":{"start":{"line":22,"column":24},"end":{"line":30,"column":2}},"line":22},"3":{"name":"(anonymous_3)","decl":{"start":{"line":32,"column":1},"end":{"line":32,"column":2}},"loc":{"start":{"line":32,"column":27},"end":{"line":40,"column":2}},"line":32},"4":{"name":"(anonymous_4)","decl":{"start":{"line":42,"column":1},"end":{"line":42,"column":2}},"loc":{"start":{"line":42,"column":31},"end":{"line":52,"column":2}},"line":42},"5":{"name":"(anonymous_5)","decl":{"start":{"line":54,"column":1},"end":{"line":54,"column":2}},"loc":{"start":{"line":54,"column":22},"end":{"line":64,"column":2}},"line":54}},"branchMap":{"0":{"loc":{"start":{"line":14,"column":3},"end":{"line":14,"column":57}},"type":"if","locations":[{"start":{"line":14,"column":3},"end":{"line":14,"column":57}},{"start":{},"end":{}}],"line":14},"1":{"loc":{"start":{"line":46,"column":3},"end":{"line":46,"column":57}},"type":"if","locations":[{"start":{"line":46,"column":3},"end":{"line":46,"column":57}},{"start":{},"end":{}}],"line":46},"2":{"loc":{"start":{"line":58,"column":3},"end":{"line":58,"column":57}},"type":"if","locations":[{"start":{"line":58,"column":3},"end":{"line":58,"column":57}},{"start":{},"end":{}}],"line":58}},"s":{"0":1,"1":1,"2":3,"3":3,"4":2,"5":1,"6":1,"7":1,"8":2,"9":2,"10":1,"11":1,"12":2,"13":2,"14":1,"15":1,"16":3,"17":3,"18":2,"19":1,"20":1,"21":1,"22":3,"23":3,"24":2,"25":1,"26":1,"27":1,"28":1},"f":{"0":1,"1":3,"2":2,"3":2,"4":3,"5":3},"b":{"0":[1,1],"1":[1,1],"2":[1,1]},"_coverageSchema":"1a1c01bbd47fc00a2c39e90264f33305004495a9","hash":"aff9450d8669134f11b1dea41d4f061bc4f863cd"}
}
