TN:
SF:layer\nodejs\handlers\createBlog.js
FN:10,(anonymous_0)
FNF:1
FNH:1
FNDA:2,(anonymous_0)
DA:1,1
DA:2,1
DA:3,1
DA:4,1
DA:6,1
DA:7,1
DA:8,1
DA:10,1
DA:11,2
DA:13,2
DA:15,2
DA:24,1
LF:12
LH:12
BRF:0
BRH:0
end_of_record
TN:
SF:layer\nodejs\handlers\deleteBlog.js
FN:10,(anonymous_0)
FNF:1
FNH:1
FNDA:2,(anonymous_0)
DA:1,1
DA:2,1
DA:3,1
DA:4,1
DA:6,1
DA:7,1
DA:8,1
DA:10,1
DA:11,2
DA:13,2
DA:15,2
DA:24,1
LF:12
LH:12
BRF:0
BRH:0
end_of_record
TN:
SF:layer\nodejs\handlers\getBlog.js
FN:10,(anonymous_0)
FNF:1
FNH:1
FNDA:2,(anonymous_0)
DA:1,1
DA:2,1
DA:3,1
DA:4,1
DA:6,1
DA:7,1
DA:8,1
DA:10,1
DA:11,2
DA:13,2
DA:15,2
DA:24,1
LF:12
LH:12
BRF:0
BRH:0
end_of_record
TN:
SF:layer\nodejs\handlers\getBlogs.js
FN:10,(anonymous_0)
FNF:1
FNH:1
FNDA:2,(anonymous_0)
DA:1,1
DA:2,1
DA:3,1
DA:4,1
DA:6,1
DA:7,1
DA:8,1
DA:10,1
DA:11,2
DA:13,2
DA:22,1
LF:11
LH:11
BRF:0
BRH:0
end_of_record
TN:
SF:layer\nodejs\handlers\updateBlog.js
FN:10,(anonymous_0)
FNF:1
FNH:1
FNDA:2,(anonymous_0)
DA:1,1
DA:2,1
DA:3,1
DA:4,1
DA:6,1
DA:7,1
DA:8,1
DA:10,1
DA:11,2
DA:12,2
DA:14,2
DA:16,2
DA:25,1
LF:13
LH:13
BRF:0
BRH:0
end_of_record
TN:
SF:layer\nodejs\resources\databases\dynamoDB.config.js
FNF:0
FNH:0
DA:1,6
DA:3,6
LF:2
LH:2
BRDA:5,0,0,6
BRDA:5,0,1,6
BRF:2
BRH:2
end_of_record
TN:
SF:layer\nodejs\resources\databases\dynamoDB.js
FNF:0
FNH:0
DA:1,6
DA:2,6
DA:4,6
LF:3
LH:3
BRF:0
BRH:0
end_of_record
TN:
SF:layer\nodejs\resources\databases\dynamoDB.tables.js
FNF:0
FNH:0
DA:1,1
DA:66,1
LF:2
LH:2
BRF:0
BRH:0
end_of_record
TN:
SF:layer\nodejs\resources\databases\dynamoDB.utils.js
FN:5,createTables
FN:6,(anonymous_1)
FN:11,deleteTables
FN:14,(anonymous_3)
FN:19,deleteTableData
FN:22,(anonymous_5)
FN:27,getTableNames
FNF:7
FNH:6
FNDA:1,createTables
FNDA:1,(anonymous_1)
FNDA:2,deleteTables
FNDA:1,(anonymous_3)
FNDA:17,deleteTableData
FNDA:10,(anonymous_5)
FNDA:0,getTableNames
DA:1,1
DA:2,1
DA:3,1
DA:6,1
DA:8,1
DA:12,2
DA:14,2
DA:16,2
DA:20,17
DA:22,17
DA:24,17
DA:28,0
DA:30,0
DA:33,1
LF:14
LH:12
BRF:0
BRH:0
end_of_record
TN:
SF:layer\nodejs\resources\helpers\jest.js
FN:3,toBeUUIDv4
FN:8,(anonymous_1)
FN:13,(anonymous_2)
FN:18,toBeDate
FN:24,(anonymous_4)
FN:29,(anonymous_5)
FN:34,toBeOptionalDate
FN:40,(anonymous_7)
FN:45,(anonymous_8)
FNF:9
FNH:3
FNDA:4,toBeUUIDv4
FNDA:0,(anonymous_1)
FNDA:0,(anonymous_2)
FNDA:5,toBeDate
FNDA:0,(anonymous_4)
FNDA:0,(anonymous_5)
FNDA:3,toBeOptionalDate
FNDA:0,(anonymous_7)
FNDA:0,(anonymous_8)
DA:1,2
DA:4,4
DA:5,4
DA:6,4
DA:8,0
DA:11,0
DA:13,0
DA:19,5
DA:20,5
DA:21,5
DA:22,5
DA:24,0
DA:27,0
DA:29,0
DA:35,3
DA:36,3
DA:37,3
DA:38,3
DA:40,0
DA:43,0
DA:45,0
DA:50,2
LF:22
LH:13
BRDA:4,0,0,4
BRDA:4,0,1,4
BRDA:5,1,0,4
BRDA:5,1,1,0
BRDA:20,2,0,5
BRDA:20,2,1,5
BRDA:21,3,0,5
BRDA:21,3,1,0
BRDA:36,4,0,3
BRDA:36,4,1,0
BRDA:36,4,2,0
BRDA:37,5,0,3
BRDA:37,5,1,0
BRF:13
BRH:8
end_of_record
TN:
SF:layer\nodejs\resources\repositories\blogs.repository.js
FN:8,(anonymous_0)
FN:23,(anonymous_1)
FN:31,(anonymous_2)
FN:41,(anonymous_3)
FN:62,(anonymous_4)
FN:98,(anonymous_5)
FNF:6
FNH:6
FNDA:7,(anonymous_0)
FNDA:5,(anonymous_1)
FNDA:3,(anonymous_2)
FNDA:4,(anonymous_3)
FNDA:4,(anonymous_4)
FNDA:4,(anonymous_5)
DA:1,7
DA:2,7
DA:6,7
DA:9,7
DA:13,3
DA:15,1
DA:17,1
DA:19,1
DA:24,5
DA:26,3
DA:28,3
DA:32,3
DA:34,3
DA:38,3
DA:42,4
DA:44,4
DA:45,1
DA:48,3
DA:57,3
DA:59,3
DA:63,4
DA:65,2
DA:67,2
DA:69,1
DA:95,1
DA:99,4
DA:101,2
DA:109,2
DA:113,7
LF:29
LH:29
BRDA:13,0,0,1
BRDA:13,0,1,1
BRDA:13,0,2,1
BRDA:24,1,0,2
BRDA:24,1,1,3
BRDA:24,2,0,5
BRDA:24,2,1,4
BRDA:28,3,0,3
BRDA:28,3,1,1
BRDA:31,4,0,1
BRDA:41,5,0,1
BRDA:44,6,0,1
BRDA:44,6,1,3
BRDA:62,7,0,2
BRDA:63,8,0,2
BRDA:63,8,1,2
BRDA:63,9,0,4
BRDA:63,9,1,3
BRDA:67,10,0,1
BRDA:67,10,1,1
BRDA:74,11,0,1
BRDA:74,11,1,1
BRDA:80,12,0,1
BRDA:80,12,1,1
BRDA:99,13,0,2
BRDA:99,13,1,2
BRDA:99,14,0,4
BRDA:99,14,1,3
BRDA:109,15,0,2
BRDA:109,15,1,1
BRF:30
BRH:30
end_of_record
TN:
SF:layer\nodejs\resources\seeders\blogs.seeder.js
FN:4,generateBlogContent
FN:11,generateBlogContents
FN:12,(anonymous_2)
FN:15,generateDatabaseBlog
FN:27,generateDatabaseBlogs
FN:28,(anonymous_5)
FNF:6
FNH:6
FNDA:63,generateBlogContent
FNDA:2,generateBlogContents
FNDA:15,(anonymous_2)
FNDA:36,generateDatabaseBlog
FNDA:4,generateDatabaseBlogs
FNDA:30,(anonymous_5)
DA:1,7
DA:2,7
DA:5,63
DA:12,15
DA:16,36
DA:18,36
DA:28,30
DA:31,7
LF:8
LH:8
BRDA:11,0,0,1
BRDA:22,1,0,19
BRDA:22,1,1,17
BRDA:27,2,0,2
BRF:4
BRH:4
end_of_record
TN:
SF:layer\nodejs\resources\services\blogs.results.js
FN:2,(anonymous_0)
FN:10,(anonymous_1)
FN:18,(anonymous_2)
FN:27,(anonymous_3)
FN:35,(anonymous_4)
FN:43,(anonymous_5)
FN:52,(anonymous_6)
FNF:7
FNH:7
FNDA:5,(anonymous_0)
FNDA:3,(anonymous_1)
FNDA:2,(anonymous_2)
FNDA:2,(anonymous_3)
FNDA:2,(anonymous_4)
FNDA:2,(anonymous_5)
FNDA:2,(anonymous_6)
DA:3,5
DA:11,3
DA:19,2
DA:28,2
DA:36,2
DA:44,2
DA:53,2
DA:62,6
LF:8
LH:8
BRDA:4,0,0,0
BRDA:4,0,1,5
BRF:2
BRH:1
end_of_record
TN:
SF:layer\nodejs\resources\services\blogs.service.js
FN:5,(anonymous_0)
FN:10,(anonymous_1)
FN:22,(anonymous_2)
FN:32,(anonymous_3)
FN:42,(anonymous_4)
FN:54,(anonymous_5)
FNF:6
FNH:6
FNDA:1,(anonymous_0)
FNDA:3,(anonymous_1)
FNDA:2,(anonymous_2)
FNDA:2,(anonymous_3)
FNDA:3,(anonymous_4)
FNDA:3,(anonymous_5)
DA:6,1
DA:7,1
DA:11,3
DA:12,3
DA:14,2
DA:16,1
DA:18,1
DA:23,2
DA:24,2
DA:26,1
DA:28,1
DA:33,2
DA:34,2
DA:36,1
DA:38,1
DA:43,3
DA:44,3
DA:46,2
DA:48,1
DA:50,1
DA:55,3
DA:56,3
DA:58,2
DA:60,1
DA:62,1
DA:67,6
LF:26
LH:26
BRDA:14,0,0,1
BRDA:14,0,1,1
BRDA:46,1,0,1
BRDA:46,1,1,1
BRDA:58,2,0,1
BRDA:58,2,1,1
BRF:6
BRH:6
end_of_record
